[15:17:10] [main/INFO]: Loading Minecraft 1.20.1 with Fabric Loader 0.15.6
[15:17:11] [main/WARN]: Warnings were found!
 - 模组 'Cardinal Components API (items)' (cardinal-components-item) 5.2.1 与 模组 'OptiFabric' (optifabric) 的 任意版本 冲突，但已经安装了的版本是 1.14.3！
	 - 尽管这不会阻止游戏启动，但 模组 'Cardinal Components API (items)' (cardinal-components-item) 的开发者发现这种组合可能引起问题。你应该删除其中一个模组，或搜索解决此问题的更新版本。
[15:17:11] [main/INFO]: Loading 98 mods:
	- appleskin 2.5.1+mc1.20
	- architectury 9.2.14
	- cardinal-components 5.2.1
	   |-- cardinal-components-base 5.2.1
	   |-- cardinal-components-block 5.2.1
	   |-- cardinal-components-chunk 5.2.1
	   |-- cardinal-components-entity 5.2.1
	   |-- cardinal-components-item 5.2.1
	   |-- cardinal-components-level 5.2.1
	   |-- cardinal-components-scoreboard 5.2.1
	   \-- cardinal-components-world 5.2.1
	- cloth-config 11.1.118
	   \-- cloth-basic-math 0.6.1
	- fabric-api 0.92.2+1.20.1
	   |-- fabric-api-base 0.4.31+1802ada577
	   |-- fabric-api-lookup-api-v1 1.6.36+1802ada577
	   |-- fabric-biome-api-v1 13.0.13+1802ada577
	   |-- fabric-block-api-v1 1.0.11+1802ada577
	   |-- fabric-block-view-api-v2 1.0.1+1802ada577
	   |-- fabric-blockrenderlayer-v1 1.1.41+1802ada577
	   |-- fabric-client-tags-api-v1 1.1.2+1802ada577
	   |-- fabric-command-api-v1 1.2.34+f71b366f77
	   |-- fabric-command-api-v2 2.2.13+1802ada577
	   |-- fabric-commands-v0 0.2.51+df3654b377
	   |-- fabric-containers-v0 0.1.64+df3654b377
	   |-- fabric-content-registries-v0 4.0.11+1802ada577
	   |-- fabric-convention-tags-v1 1.5.5+1802ada577
	   |-- fabric-crash-report-info-v1 0.2.19+1802ada577
	   |-- fabric-data-attachment-api-v1 1.0.0+de0fd6d177
	   |-- fabric-data-generation-api-v1 12.3.4+1802ada577
	   |-- fabric-dimensions-v1 2.1.54+1802ada577
	   |-- fabric-entity-events-v1 1.6.0+1c78457f77
	   |-- fabric-events-interaction-v0 0.6.2+1802ada577
	   |-- fabric-events-lifecycle-v0 0.2.63+df3654b377
	   |-- fabric-game-rule-api-v1 1.0.40+1802ada577
	   |-- fabric-item-api-v1 2.1.28+1802ada577
	   |-- fabric-item-group-api-v1 4.0.12+1802ada577
	   |-- fabric-key-binding-api-v1 1.0.37+1802ada577
	   |-- fabric-keybindings-v0 0.2.35+df3654b377
	   |-- fabric-lifecycle-events-v1 2.2.22+1802ada577
	   |-- fabric-loot-api-v2 1.2.1+1802ada577
	   |-- fabric-loot-tables-v1 1.1.45+9e7660c677
	   |-- fabric-message-api-v1 5.1.9+1802ada577
	   |-- fabric-mining-level-api-v1 2.1.50+1802ada577
	   |-- fabric-model-loading-api-v1 1.0.3+1802ada577
	   |-- fabric-models-v0 0.4.2+9386d8a777
	   |-- fabric-networking-api-v1 1.3.11+1802ada577
	   |-- fabric-networking-v0 0.3.51+df3654b377
	   |-- fabric-object-builder-api-v1 11.1.3+1802ada577
	   |-- fabric-particles-v1 1.1.2+1802ada577
	   |-- fabric-recipe-api-v1 1.0.21+1802ada577
	   |-- fabric-registry-sync-v0 2.3.3+1802ada577
	   |-- fabric-renderer-api-v1 3.2.1+1802ada577
	   |-- fabric-renderer-indigo 1.5.2+85287f9f77
	   |-- fabric-renderer-registries-v1 3.2.46+df3654b377
	   |-- fabric-rendering-data-attachment-v1 0.3.37+92a0d36777
	   |-- fabric-rendering-fluids-v1 3.0.28+1802ada577
	   |-- fabric-rendering-v0 1.1.49+df3654b377
	   |-- fabric-rendering-v1 3.0.8+1802ada577
	   |-- fabric-resource-conditions-api-v1 2.3.8+1802ada577
	   |-- fabric-resource-loader-v0 0.11.10+1802ada577
	   |-- fabric-screen-api-v1 2.0.8+1802ada577
	   |-- fabric-screen-handler-api-v1 1.3.30+1802ada577
	   |-- fabric-sound-api-v1 1.0.13+1802ada577
	   |-- fabric-transfer-api-v1 3.3.5+8dd72ea377
	   \-- fabric-transitive-access-wideners-v1 4.3.1+1802ada577
	- fabric-language-kotlin 1.10.17+kotlin.1.9.22
	   |-- org_jetbrains_kotlin_kotlin-reflect 1.9.22
	   |-- org_jetbrains_kotlin_kotlin-stdlib 1.9.22
	   |-- org_jetbrains_kotlin_kotlin-stdlib-jdk7 1.9.22
	   |-- org_jetbrains_kotlin_kotlin-stdlib-jdk8 1.9.22
	   |-- org_jetbrains_kotlinx_atomicfu-jvm 0.23.1
	   |-- org_jetbrains_kotlinx_kotlinx-coroutines-core-jvm 1.7.3
	   |-- org_jetbrains_kotlinx_kotlinx-coroutines-jdk8 1.7.3
	   |-- org_jetbrains_kotlinx_kotlinx-datetime-jvm 0.5.0
	   |-- org_jetbrains_kotlinx_kotlinx-serialization-cbor-jvm 1.6.2
	   |-- org_jetbrains_kotlinx_kotlinx-serialization-core-jvm 1.6.2
	   \-- org_jetbrains_kotlinx_kotlinx-serialization-json-jvm 1.6.2
	- fabricloader 0.15.6
	   \-- mixinextras 0.3.2
	- ftblibrary 2001.2.2
	- ftbultimine 2001.1.5
	- inventoryprofilesnext 1.10.9
	- jade 11.7.0
	- java 17
	- jei 15.2.0.27
	- journeymap 5.9.18
	   \-- journeymap-api-fabric 1.20-1.9-fabric-SNAPSHOT
	- libipn 4.0.1
	- litematica 0.15.3
	- malilib 0.16.3
	- minecraft 1.20.1
	- minihud 0.27.0
	- optifabric 1.14.3
	   |-- mm 2.3
	   \-- optifabric-libs 1.14.3
	- travelersbackpack 1.20.1-9.1.9
	- tweakeroo 0.17.1
[15:17:12] [main/INFO]: SpongePowered MIXIN Subsystem Version=0.8.5 Source=file:/D:/Pcl/.minecraft/libraries/net/fabricmc/sponge-mixin/0.12.5+mixin.0.8.5/sponge-mixin-0.12.5+mixin.0.8.5.jar Service=Knot/Fabric Env=CLIENT
[15:17:12] [main/INFO]: Compatibility level set to JAVA_17
[15:17:14] [main/INFO]: Initializing MixinExtras via com.llamalad7.mixinextras.service.MixinExtrasServiceImpl(version=0.3.2).
[15:17:17] [main/WARN]: @Final field field_22786:Ljava/util/List; in mixins.ipnext.json:MixinScreen from mod inventoryprofilesnext should be final
[15:17:17] [main/WARN]: @Final field field_33815:Ljava/util/List; in mixins.ipnext.json:MixinScreen from mod inventoryprofilesnext should be final
[15:17:17] [main/WARN]: Injection warning: LVT in net/minecraft/class_776::renderBatched(Lnet/minecraft/class_2680;Lnet/minecraft/class_2338;Lnet/minecraft/class_1920;Lnet/minecraft/class_4587;Lnet/minecraft/class_4588;ZLnet/minecraft/class_5819;Lnet/minecraftforge/client/model/data/ModelData;Lnet/minecraft/class_1921;)V has incompatible changes at opcode 56 in callback optifabric.compat.fabric-renderer-api.new-mixins.json:BlockRenderManagerNewMixin from mod optifabric->@Inject::addInfo(Lnet/minecraft/class_2680;Lnet/minecraft/class_2338;Lnet/minecraft/class_1920;Lnet/minecraft/class_4587;Lnet/minecraft/class_4588;ZLnet/minecraft/class_5819;Ljava/lang/Object;Lorg/spongepowered/asm/mixin/injection/callback/CallbackInfo;Ljava/lang/Throwable;Lnet/minecraft/class_128;Lnet/minecraft/class_129;)V.
 Expected: [Lnet/minecraft/class_128;, Lnet/minecraft/class_129;]
    Found: [Ljava/lang/Throwable;, Lnet/minecraft/class_128;]
Available: [Ljava/lang/Throwable;, Lnet/minecraft/class_128;, Lnet/minecraft/class_129;]
[15:17:18] [main/WARN]: Injection warning: LVT in net/minecraft/class_776::renderBatched(Lnet/minecraft/class_2680;Lnet/minecraft/class_2338;Lnet/minecraft/class_1920;Lnet/minecraft/class_4587;Lnet/minecraft/class_4588;ZLnet/minecraft/class_5819;Lnet/minecraftforge/client/model/data/ModelData;Lnet/minecraft/class_1921;)V has incompatible changes at opcode 75 in callback optifabric.compat.fabric-renderer-api.new-mixins.json:BlockRenderManagerNewMixin from mod optifabric->@Inject::addInfo(Lnet/minecraft/class_2680;Lnet/minecraft/class_2338;Lnet/minecraft/class_1920;Lnet/minecraft/class_4587;Lnet/minecraft/class_4588;ZLnet/minecraft/class_5819;Ljava/lang/Object;Lnet/minecraft/class_1921;ZLorg/spongepowered/asm/mixin/injection/callback/CallbackInfo;Ljava/lang/Throwable;Lnet/minecraft/class_128;Lnet/minecraft/class_129;)V.
 Expected: [Lorg/spongepowered/asm/mixin/injection/callback/CallbackInfo;, Ljava/lang/Throwable;, Lnet/minecraft/class_128;, Lnet/minecraft/class_129;]
    Found: [Ljava/lang/Throwable;, Lnet/minecraft/class_128;, Lnet/minecraft/class_129;]
Available: [Ljava/lang/Throwable;, Lnet/minecraft/class_128;, Lnet/minecraft/class_129;]
[15:17:19] [main/INFO]: [OptiFine] (Reflector) Method not present: net.minecraft.class_3489.create
[15:17:23] [Datafixer Bootstrap/INFO]: 188 Datafixer optimizations took 229 milliseconds
[15:17:23] [main/WARN]: @Redirect conflict. Skipping mixins.tweakeroo.json:MixinServerPlayNetworkHandler from mod tweakeroo->@Redirect::tweakeroo_removeHitPosCheck(Lnet/minecraft/class_243;Lnet/minecraft/class_243;)Lnet/minecraft/class_243; with priority 1005, already redirected by mixins.litematica.json:MixinServerPlayNetworkHandler from mod litematica->@Redirect::litematica_removeHitPosCheck(Lnet/minecraft/class_243;Lnet/minecraft/class_243;)Lnet/minecraft/class_243; with priority 1010
[15:17:26] [Render thread/INFO]: Environment: authHost='https://authserver.mojang.com', accountsHost='https://api.mojang.com', sessionHost='https://sessionserver.mojang.com', servicesHost='https://api.minecraftservices.com', name='PROD'
[15:17:27] [Render thread/ERROR]: Failed to verify authentication
com.mojang.authlib.exceptions.InvalidCredentialsException: Status: 401
	at com.mojang.authlib.exceptions.MinecraftClientHttpException.toAuthenticationException(MinecraftClientHttpException.java:56) ~[authlib-4.0.43.jar:?]
	at com.mojang.authlib.yggdrasil.YggdrasilUserApiService.fetchProperties(YggdrasilUserApiService.java:156) ~[authlib-4.0.43.jar:?]
	at com.mojang.authlib.yggdrasil.YggdrasilUserApiService.<init>(YggdrasilUserApiService.java:55) ~[authlib-4.0.43.jar:?]
	at com.mojang.authlib.yggdrasil.YggdrasilAuthenticationService.createUserApiService(YggdrasilAuthenticationService.java:124) ~[authlib-4.0.43.jar:?]
	at net.minecraft.class_310.method_31382(class_310.java:733) ~[client-intermediary.jar:?]
	at net.minecraft.class_310.<init>(class_310.java:442) ~[client-intermediary.jar:?]
	at net.minecraft.client.main.Main.main(Main.java:211) ~[1.20.1.jar:?]
	at net.fabricmc.loader.impl.game.minecraft.MinecraftGameProvider.launch(MinecraftGameProvider.java:470) ~[fabric-loader-0.15.6.jar:?]
	at net.fabricmc.loader.impl.launch.knot.Knot.launch(Knot.java:74) ~[fabric-loader-0.15.6.jar:?]
	at net.fabricmc.loader.impl.launch.knot.KnotClient.main(KnotClient.java:23) ~[fabric-loader-0.15.6.jar:?]
	at jdk.internal.reflect.NativeMethodAccessorImpl.invoke0(Native Method) ~[?:?]
	at jdk.internal.reflect.NativeMethodAccessorImpl.invoke(NativeMethodAccessorImpl.java:77) ~[?:?]
	at jdk.internal.reflect.DelegatingMethodAccessorImpl.invoke(DelegatingMethodAccessorImpl.java:43) ~[?:?]
	at java.lang.reflect.Method.invoke(Method.java:568) ~[?:?]
	at oolloo.jlw.Wrapper.invokeMain(Wrapper.java:71) ~[?:?]
	at oolloo.jlw.Wrapper.main(Wrapper.java:51) ~[?:?]
Caused by: com.mojang.authlib.exceptions.MinecraftClientHttpException: Status: 401
	at com.mojang.authlib.minecraft.client.MinecraftClient.readInputStream(MinecraftClient.java:85) ~[authlib-4.0.43.jar:?]
	at com.mojang.authlib.minecraft.client.MinecraftClient.get(MinecraftClient.java:48) ~[authlib-4.0.43.jar:?]
	at com.mojang.authlib.yggdrasil.YggdrasilUserApiService.fetchProperties(YggdrasilUserApiService.java:129) ~[authlib-4.0.43.jar:?]
	... 14 more
[15:17:27] [Render thread/INFO]: Setting user: xiffor
[15:17:27] [Render thread/INFO]: Registering S2C receiver with id ftblibrary:edit_nbt
[15:17:27] [Render thread/INFO]: Registering C2S receiver with id ftblibrary:edit_nbt_response
[15:17:27] [Render thread/INFO]: Registering S2C receiver with id ftblibrary:sync_known_server_registries
[15:17:27] [Render thread/INFO]: Registering S2C receiver with id ftblibrary:edit_config
[15:17:27] [Render thread/INFO]: Registering S2C receiver with id ftbultimine:send_shape
[15:17:27] [Render thread/INFO]: Registering C2S receiver with id ftbultimine:key_pressed
[15:17:27] [Render thread/INFO]: Registering C2S receiver with id ftbultimine:mode_changed
[15:17:27] [Render thread/INFO]: Registering S2C receiver with id ftbultimine:sync_config_from_server
[15:17:27] [Render thread/INFO]: Registering C2S receiver with id ftbultimine:sync_config_to_server
[15:17:27] [Render thread/INFO]: Registering S2C receiver with id ftbultimine:edit_config
[15:17:27] [Render thread/INFO]: Registering S2C receiver with id ftbultimine:sync_ultimine_time
[15:17:27] [Render thread/INFO]: Initializing ServerSide Packet Registries
[15:17:27] [Render thread/INFO]: Definitely not up to no good
[15:17:28] [Render thread/INFO]: Registered the FluidEffect with Unique ID of minecraft:water for minecraft:water 81000 with the ID 0
[15:17:28] [Render thread/INFO]: Registered the FluidEffect with Unique ID of minecraft:lava for minecraft:lava 81000 with the ID 1
[15:17:28] [Render thread/INFO]: Registered the FluidEffect with Unique ID of travelersbackpack:potion for travelersbackpack:potion_still 27000 with the ID 2
[15:17:28] [Render thread/INFO]: Registered the FluidEffect with Unique ID of travelersbackpack:milk for travelersbackpack:milk_still 81000 with the ID 3
[15:17:28] [Render thread/INFO]: Registering S2C receiver with id architectury:spawn_entity_packet
[15:17:28] [Render thread/INFO]: [Indigo] Registering Indigo renderer!
[15:17:28] [Render thread/INFO]: [Indigo] Compatibility mode enabled.
[15:17:28] [Render thread/INFO]: Sending ConfigManager...
[15:17:28] [Render thread/INFO]: Sending ConfigManager took 2.871 ms
[15:17:29] [Render thread/INFO]: [OptiFine] (Reflector) Method not present: net.minecraft.class_304.getKeyModifier
[15:17:29] [Render thread/INFO]: Backend library: LWJGL version 3.3.1 SNAPSHOT
[15:17:30] [Render thread/WARN]: [OptiFine] (Reflector) java.lang.ClassNotFoundException: sun.misc.SharedSecrets
[15:17:30] [Render thread/WARN]: [OptiFine] (Reflector) java.lang.ClassNotFoundException: jdk.internal.misc.SharedSecrets
[15:17:30] [Render thread/WARN]: [OptiFine] (Reflector) java.lang.ClassNotFoundException: sun.misc.VM
[15:17:30] [Render thread/WARN]: [OptiFine] (Reflector) java.lang.reflect.InaccessibleObjectException: Unable to make public static long jdk.internal.misc.VM.maxDirectMemory() accessible: module java.base does not "exports jdk.internal.misc" to unnamed module @6913c1fb
[15:17:30] [Render thread/INFO]: [OptiFine] 
[15:17:30] [Render thread/INFO]: [OptiFine] OptiFine_1.20.1_HD_U_I6
[15:17:30] [Render thread/INFO]: [OptiFine] Build: 20231221-120401
[15:17:30] [Render thread/INFO]: [OptiFine] OS: Windows 10 (amd64) version 10.0
[15:17:30] [Render thread/INFO]: [OptiFine] Java: 17.0.9, Oracle Corporation
[15:17:30] [Render thread/INFO]: [OptiFine] VM: Java HotSpot(TM) 64-Bit Server VM (mixed mode, sharing), Oracle Corporation
[15:17:30] [Render thread/INFO]: [OptiFine] LWJGL: 3.4.0 Win32 WGL Null EGL OSMesa VisualC DLL
[15:17:30] [Render thread/INFO]: [OptiFine] OpenGL: NVIDIA GeForce GTX 1660 Ti/PCIe/SSE2, version 3.2.0 NVIDIA 552.22, NVIDIA Corporation
[15:17:30] [Render thread/INFO]: [OptiFine] OpenGL Version: 3.2.0
[15:17:30] [Render thread/INFO]: [OptiFine] Maximum texture size: 32768x32768
[15:17:30] [VersionCheck/INFO]: [OptiFine] Checking for new version
[15:17:30] [Render thread/INFO]: [Shaders] OpenGL Version: 3.2.0 NVIDIA 552.22
[15:17:30] [Render thread/INFO]: [Shaders] Vendor:  NVIDIA Corporation
[15:17:30] [Render thread/INFO]: [Shaders] Renderer: NVIDIA GeForce GTX 1660 Ti/PCIe/SSE2
[15:17:30] [Render thread/INFO]: [Shaders] Capabilities:  2.0  2.1  3.0  3.2  - 
[15:17:30] [Render thread/INFO]: [Shaders] GL_MAX_DRAW_BUFFERS: 8
[15:17:30] [Render thread/INFO]: [Shaders] GL_MAX_COLOR_ATTACHMENTS: 8
[15:17:30] [Render thread/INFO]: [Shaders] GL_MAX_TEXTURE_IMAGE_UNITS: 32
[15:17:30] [Render thread/INFO]: [Shaders] Load shaders configuration.
[15:17:30] [Render thread/INFO]: [Shaders] Save shaders configuration.
[15:17:30] [Render thread/INFO]: [Shaders] No shaderpack loaded.
[15:17:31] [VersionCheck/INFO]: [OptiFine] java.io.FileNotFoundException: http://optifine.net/version/1.20.1/HD_U.txt
[15:17:31] [Render thread/WARN]: Injection warning: LVT in net/minecraft/class_778::tesselateBlock(Lnet/minecraft/class_1920;Lnet/minecraft/class_1087;Lnet/minecraft/class_2680;Lnet/minecraft/class_2338;Lnet/minecraft/class_4587;Lnet/minecraft/class_4588;ZLnet/minecraft/class_5819;JILnet/minecraftforge/client/model/data/ModelData;Lnet/minecraft/class_1921;)V has incompatible changes at opcode 197 in callback optifabric.compat.fabric-renderer-api.new-mixins.json:BlockModelRendererNewMixin from mod optifabric->@Inject::addInfo(Lnet/minecraft/class_1920;Lnet/minecraft/class_1087;Lnet/minecraft/class_2680;Lnet/minecraft/class_2338;Lnet/minecraft/class_4587;Lnet/minecraft/class_4588;ZLnet/minecraft/class_5819;JILjava/lang/Object;Lnet/minecraft/class_1921;ZLorg/spongepowered/asm/mixin/injection/callback/CallbackInfo;ZLnet/minecraft/class_243;Ljava/lang/Throwable;Lnet/minecraft/class_128;Lnet/minecraft/class_129;)V.
 Expected: [Lorg/spongepowered/asm/mixin/injection/callback/CallbackInfo;, Z, Lnet/minecraft/class_243;, Ljava/lang/Throwable;, Lnet/minecraft/class_128;, Lnet/minecraft/class_129;]
    Found: [Z, Lnet/minecraft/class_243;, Ljava/lang/Throwable;, Lnet/minecraft/class_128;, Lnet/minecraft/class_129;]
Available: [Z, Lnet/minecraft/class_243;, Ljava/lang/Throwable;, Lnet/minecraft/class_128;, Lnet/minecraft/class_129;]
[15:17:31] [Worker-Main-2/ERROR]: Failed to retrieve profile key pair
java.io.IOException: Could not retrieve profile key pair
	at net.minecraft.class_7434.method_43605(class_7434.java:139) ~[client-intermediary.jar:?]
	at net.minecraft.class_7434.method_44291(class_7434.java:79) ~[client-intermediary.jar:?]
	at java.util.concurrent.CompletableFuture$AsyncSupply.run(CompletableFuture.java:1768) ~[?:?]
	at java.util.concurrent.CompletableFuture$AsyncSupply.exec(CompletableFuture.java:1760) ~[?:?]
	at java.util.concurrent.ForkJoinTask.doExec(ForkJoinTask.java:373) ~[?:?]
	at java.util.concurrent.ForkJoinPool$WorkQueue.topLevelExec(ForkJoinPool.java:1182) ~[?:?]
	at java.util.concurrent.ForkJoinPool.scan(ForkJoinPool.java:1655) ~[?:?]
	at java.util.concurrent.ForkJoinPool.runWorker(ForkJoinPool.java:1622) ~[?:?]
	at java.util.concurrent.ForkJoinWorkerThread.run(ForkJoinWorkerThread.java:165) ~[?:?]
[15:17:31] [Render thread/INFO]: Reloading ResourceManager: vanilla, fabric (appleskin, cardinal-components, cardinal-components-base, cardinal-components-block, cardinal-components-chunk, cardinal-components-entity, cardinal-components-item, cardinal-components-level, cardinal-components-scoreboard, cardinal-components-world, cloth-config, fabric-api, fabric-api-base, fabric-api-lookup-api-v1, fabric-biome-api-v1, fabric-block-api-v1, fabric-block-view-api-v2, fabric-blockrenderlayer-v1, fabric-client-tags-api-v1, fabric-command-api-v1, fabric-command-api-v2, fabric-commands-v0, fabric-containers-v0, fabric-content-registries-v0, fabric-convention-tags-v1, fabric-crash-report-info-v1, fabric-data-attachment-api-v1, fabric-data-generation-api-v1, fabric-dimensions-v1, fabric-entity-events-v1, fabric-events-interaction-v0, fabric-events-lifecycle-v0, fabric-game-rule-api-v1, fabric-item-api-v1, fabric-item-group-api-v1, fabric-key-binding-api-v1, fabric-keybindings-v0, fabric-language-kotlin, fabric-lifecycle-events-v1, fabric-loot-api-v2, fabric-loot-tables-v1, fabric-message-api-v1, fabric-mining-level-api-v1, fabric-model-loading-api-v1, fabric-models-v0, fabric-networking-api-v1, fabric-networking-v0, fabric-object-builder-api-v1, fabric-particles-v1, fabric-recipe-api-v1, fabric-registry-sync-v0, fabric-renderer-api-v1, fabric-renderer-indigo, fabric-renderer-registries-v1, fabric-rendering-data-attachment-v1, fabric-rendering-fluids-v1, fabric-rendering-v0, fabric-rendering-v1, fabric-resource-conditions-api-v1, fabric-resource-loader-v0, fabric-screen-api-v1, fabric-screen-handler-api-v1, fabric-sound-api-v1, fabric-transfer-api-v1, fabric-transitive-access-wideners-v1, fabricloader, ftblibrary, ftbultimine, inventoryprofilesnext, jade, jei, journeymap, libipn, litematica, malilib, minihud, mm, optifabric, travelersbackpack, tweakeroo)
[15:17:31] [Render thread/WARN]: [OptiFine] Unknown resource pack type: net.fabricmc.fabric.impl.resource.loader.FabricModResourcePack@336a7182
[15:17:31] [Render thread/WARN]: [OptiFine] Unknown resource pack type: net.fabricmc.fabric.impl.resource.loader.FabricModResourcePack@336a7182
[15:17:31] [Render thread/WARN]: [OptiFine] Unknown resource pack type: net.fabricmc.fabric.impl.resource.loader.FabricModResourcePack@336a7182
[15:17:31] [Render thread/WARN]: [OptiFine] Unknown resource pack type: net.fabricmc.fabric.impl.resource.loader.FabricModResourcePack@336a7182
[15:17:31] [Render thread/INFO]: [OptiFine] *** Reloading textures ***
[15:17:31] [Render thread/INFO]: [OptiFine] Resource packs: fabric
[15:17:31] [Render thread/WARN]: [OptiFine] Unknown resource pack type: net.fabricmc.fabric.impl.resource.loader.FabricModResourcePack@3a4b7322
[15:17:31] [Worker-Main-6/INFO]: Found unifont_all_no_pua-15.0.06.hex, loading
[15:17:31] [Worker-Main-2/INFO]: [OptiFine] Pre-stitch: minecraft:textures/atlas/decorated_pot.png
[15:17:31] [Worker-Main-5/INFO]: [OptiFine] Pre-stitch: minecraft:textures/atlas/signs.png
[15:17:31] [Worker-Main-8/INFO]: [OptiFine] Pre-stitch: minecraft:textures/atlas/chest.png
[15:17:31] [Worker-Main-11/INFO]: [OptiFine] Pre-stitch: minecraft:textures/atlas/shield_patterns.png
[15:17:31] [Worker-Main-10/INFO]: [OptiFine] Pre-stitch: minecraft:textures/atlas/banner_patterns.png
[15:17:31] [Worker-Main-2/INFO]: [OptiFine] Multitexture: false
[15:17:31] [Worker-Main-11/INFO]: [OptiFine] Multitexture: false
[15:17:31] [Worker-Main-10/INFO]: [OptiFine] Multitexture: false
[15:17:31] [Worker-Main-8/INFO]: [OptiFine] Multitexture: false
[15:17:31] [Worker-Main-5/INFO]: [OptiFine] Multitexture: false
[15:17:31] [Worker-Main-3/INFO]: [OptiFine] Pre-stitch: minecraft:textures/atlas/armor_trims.png
[15:17:31] [Worker-Main-3/INFO]: [OptiFine] Multitexture: false
[15:17:31] [Worker-Main-8/INFO]: [OptiFine] Sprite size: 64
[15:17:31] [Worker-Main-8/INFO]: [OptiFine] Mipmap levels: 6
[15:17:31] [Worker-Main-7/INFO]: [OptiFine] Pre-stitch: minecraft:textures/atlas/blocks.png
[15:17:31] [Worker-Main-7/INFO]: [OptiFine] Multitexture: false
[15:17:31] [Worker-Main-2/INFO]: [OptiFine] Mipmap levels: 4
[15:17:31] [Worker-Main-5/INFO]: [OptiFine] Sprite size: 64
[15:17:31] [Worker-Main-5/INFO]: [OptiFine] Mipmap levels: 6
[15:17:31] [Worker-Main-9/INFO]: [OptiFine] Pre-stitch: minecraft:textures/atlas/beds.png
[15:17:31] [Worker-Main-9/INFO]: [OptiFine] Multitexture: false
[15:17:31] [Worker-Main-8/INFO]: [OptiFine] Scaled too small texture: minecraft:missingno, 16 -> 64
[15:17:31] [Worker-Main-5/INFO]: [OptiFine] Scaled too small texture: minecraft:missingno, 16 -> 64
[15:17:31] [Worker-Main-7/WARN]: [OptiFine] Unknown resource pack type: net.fabricmc.fabric.impl.resource.loader.FabricModResourcePack@b998b84
[15:17:31] [Worker-Main-7/INFO]: [OptiFine] Multipass connected textures: false
[15:17:31] [Worker-Main-2/INFO]: [OptiFine] Pre-stitch: minecraft:textures/atlas/shulker_boxes.png
[15:17:31] [Worker-Main-10/INFO]: [OptiFine] Sprite size: 64
[15:17:31] [Worker-Main-2/INFO]: [OptiFine] Multitexture: false
[15:17:31] [Worker-Main-10/INFO]: [OptiFine] Mipmap levels: 6
[15:17:31] [Worker-Main-9/INFO]: [OptiFine] Sprite size: 64
[15:17:31] [Worker-Main-9/INFO]: [OptiFine] Mipmap levels: 6
[15:17:31] [Worker-Main-11/INFO]: [OptiFine] Sprite size: 64
[15:17:31] [Worker-Main-11/INFO]: [OptiFine] Mipmap levels: 6
[15:17:31] [Worker-Main-9/INFO]: [OptiFine] Scaled too small texture: minecraft:missingno, 16 -> 64
[15:17:31] [Worker-Main-7/INFO]: [OptiFine] ConnectedTextures: optifine/ctm/default/00_glass_white/glass_pane_white.properties
[15:17:31] [Worker-Main-10/INFO]: [OptiFine] Scaled too small texture: minecraft:missingno, 16 -> 64
[15:17:31] [Worker-Main-11/INFO]: [OptiFine] Scaled too small texture: minecraft:missingno, 16 -> 64
[15:17:31] [Worker-Main-2/INFO]: [OptiFine] Sprite size: 64
[15:17:31] [Worker-Main-2/INFO]: [OptiFine] Mipmap levels: 6
[15:17:31] [Worker-Main-2/INFO]: [OptiFine] Scaled too small texture: minecraft:missingno, 16 -> 64
[15:17:32] [Worker-Main-7/INFO]: [OptiFine] ConnectedTextures: optifine/ctm/default/00_glass_white/glass_white.properties
[15:17:32] [Worker-Main-11/INFO]: [OptiFine] Scaled too small texture: minecraft:optifine/ctm/default/empty, 16 -> 64
[15:17:32] [Worker-Main-10/INFO]: [OptiFine] Scaled too small texture: minecraft:optifine/ctm/default/empty, 16 -> 64
[15:17:32] [Worker-Main-9/INFO]: [OptiFine] Scaled too small texture: minecraft:optifine/ctm/default/empty, 16 -> 64
[15:17:32] [Worker-Main-5/INFO]: [OptiFine] Scaled too small texture: minecraft:optifine/ctm/default/empty, 16 -> 64
[15:17:32] [Worker-Main-2/INFO]: [OptiFine] Scaled too small texture: minecraft:optifine/ctm/default/empty, 16 -> 64
[15:17:32] [Worker-Main-7/INFO]: [OptiFine] ConnectedTextures: optifine/ctm/default/01_glass_orange/glass_orange.properties
[15:17:32] [Worker-Main-8/INFO]: [OptiFine] Scaled too small texture: minecraft:optifine/ctm/default/empty, 16 -> 64
[15:17:32] [Worker-Main-7/INFO]: [OptiFine] ConnectedTextures: optifine/ctm/default/01_glass_orange/glass_pane_orange.properties
[15:17:32] [Worker-Main-4/INFO]: [OptiFine] Pre-stitch: minecraft:textures/atlas/particles.png
[15:17:32] [Worker-Main-4/INFO]: [OptiFine] Multitexture: false
[15:17:32] [Worker-Main-7/INFO]: [OptiFine] ConnectedTextures: optifine/ctm/default/02_glass_magenta/glass_magenta.properties
[15:17:32] [Worker-Main-9/INFO]: [OptiFine] Pre-stitch: minecraft:textures/atlas/paintings.png
[15:17:32] [Worker-Main-9/INFO]: [OptiFine] Multitexture: false
[15:17:32] [Worker-Main-7/INFO]: [OptiFine] ConnectedTextures: optifine/ctm/default/02_glass_magenta/glass_pane_magenta.properties
[15:17:32] [Worker-Main-9/INFO]: [OptiFine] Pre-stitch: minecraft:textures/atlas/mob_effects.png
[15:17:32] [Worker-Main-9/INFO]: [OptiFine] Multitexture: false
[15:17:32] [Worker-Main-2/INFO]: [OptiFine] Pre-stitch: jei:textures/atlas/gui.png
[15:17:32] [Worker-Main-2/INFO]: [OptiFine] Multitexture: false
[15:17:32] [Worker-Main-4/INFO]: [OptiFine] Scaled non power of 2: minecraft:cherry_2, 3 -> 9
[15:17:32] [Worker-Main-4/INFO]: [OptiFine] Scaled non power of 2: minecraft:cherry_1, 3 -> 9
[15:17:32] [Worker-Main-4/INFO]: [OptiFine] Scaled non power of 2: minecraft:cherry_0, 3 -> 9
[15:17:32] [Worker-Main-4/INFO]: [OptiFine] Scaled non power of 2: minecraft:cherry_11, 3 -> 9
[15:17:32] [Worker-Main-4/INFO]: [OptiFine] Scaled non power of 2: minecraft:cherry_10, 3 -> 9
[15:17:32] [Worker-Main-4/INFO]: [OptiFine] Scaled non power of 2: minecraft:cherry_6, 3 -> 9
[15:17:32] [Worker-Main-4/INFO]: [OptiFine] Scaled non power of 2: minecraft:cherry_5, 3 -> 9
[15:17:32] [Worker-Main-2/INFO]: [OptiFine] Scaled non power of 2: jei:icons/recipe_transfer, 7 -> 14
[15:17:32] [Worker-Main-4/INFO]: [OptiFine] Scaled non power of 2: minecraft:cherry_4, 3 -> 9
[15:17:32] [Worker-Main-4/INFO]: [OptiFine] Scaled non power of 2: minecraft:cherry_3, 3 -> 9
[15:17:32] [Worker-Main-4/INFO]: [OptiFine] Scaled non power of 2: minecraft:cherry_9, 3 -> 9
[15:17:32] [Worker-Main-4/INFO]: [OptiFine] Scaled non power of 2: minecraft:cherry_8, 3 -> 9
[15:17:32] [Worker-Main-4/INFO]: [OptiFine] Scaled non power of 2: minecraft:cherry_7, 3 -> 9
[15:17:32] [Worker-Main-7/INFO]: [OptiFine] ConnectedTextures: optifine/ctm/default/03_glass_light_blue/glass_light_blue.properties
[15:17:32] [Worker-Main-7/INFO]: [OptiFine] ConnectedTextures: optifine/ctm/default/03_glass_light_blue/glass_pane_light_blue.properties
[15:17:32] [Worker-Main-3/INFO]: [OptiFine] Mipmap levels: 4
[15:17:32] [Worker-Main-7/INFO]: [OptiFine] ConnectedTextures: optifine/ctm/default/04_glass_yellow/glass_pane_yellow.properties
[15:17:32] [Worker-Main-7/INFO]: [OptiFine] ConnectedTextures: optifine/ctm/default/04_glass_yellow/glass_yellow.properties
[15:17:32] [Worker-Main-7/INFO]: [OptiFine] ConnectedTextures: optifine/ctm/default/05_glass_lime/glass_lime.properties
[15:17:32] [Worker-Main-7/INFO]: [OptiFine] ConnectedTextures: optifine/ctm/default/05_glass_lime/glass_pane_lime.properties
[15:17:32] [Worker-Main-7/INFO]: [OptiFine] ConnectedTextures: optifine/ctm/default/06_glass_pink/glass_pane_pink.properties
[15:17:32] [Worker-Main-7/INFO]: [OptiFine] ConnectedTextures: optifine/ctm/default/06_glass_pink/glass_pink.properties
[15:17:32] [Worker-Main-7/INFO]: [OptiFine] ConnectedTextures: optifine/ctm/default/07_glass_gray/glass_gray.properties
[15:17:32] [Worker-Main-7/INFO]: [OptiFine] ConnectedTextures: optifine/ctm/default/07_glass_gray/glass_pane_gray.properties
[15:17:32] [Worker-Main-7/INFO]: [OptiFine] ConnectedTextures: optifine/ctm/default/08_glass_light_gray/glass_light_gray.properties
[15:17:32] [Worker-Main-7/INFO]: [OptiFine] ConnectedTextures: optifine/ctm/default/08_glass_light_gray/glass_pane_light_gray.properties
[15:17:32] [Worker-Main-7/INFO]: [OptiFine] ConnectedTextures: optifine/ctm/default/09_glass_cyan/glass_cyan.properties
[15:17:32] [Worker-Main-7/INFO]: [OptiFine] ConnectedTextures: optifine/ctm/default/09_glass_cyan/glass_pane_cyan.properties
[15:17:32] [Worker-Main-7/INFO]: [OptiFine] ConnectedTextures: optifine/ctm/default/10_glass_purple/glass_pane_purple.properties
[15:17:32] [Realms Notification Availability checker #1/INFO]: Could not authorize you against Realms server: Invalid session id
[15:17:32] [Worker-Main-7/INFO]: [OptiFine] ConnectedTextures: optifine/ctm/default/10_glass_purple/glass_purple.properties
[15:17:32] [Worker-Main-7/INFO]: [OptiFine] ConnectedTextures: optifine/ctm/default/11_glass_blue/glass_blue.properties
[15:17:32] [Worker-Main-7/INFO]: [OptiFine] ConnectedTextures: optifine/ctm/default/11_glass_blue/glass_pane_blue.properties
[15:17:32] [Worker-Main-7/INFO]: [OptiFine] ConnectedTextures: optifine/ctm/default/12_glass_brown/glass_brown.properties
[15:17:32] [Worker-Main-7/INFO]: [OptiFine] ConnectedTextures: optifine/ctm/default/12_glass_brown/glass_pane_brown.properties
[15:17:32] [Worker-Main-7/INFO]: [OptiFine] ConnectedTextures: optifine/ctm/default/13_glass_green/glass_green.properties
[15:17:32] [Render thread/INFO]: Start loading plugin from Jade
[15:17:32] [Worker-Main-7/INFO]: [OptiFine] ConnectedTextures: optifine/ctm/default/13_glass_green/glass_pane_green.properties
[15:17:32] [Worker-Main-7/INFO]: [OptiFine] ConnectedTextures: optifine/ctm/default/14_glass_red/glass_pane_red.properties
[15:17:32] [Worker-Main-7/INFO]: [OptiFine] ConnectedTextures: optifine/ctm/default/14_glass_red/glass_red.properties
[15:17:32] [Worker-Main-7/INFO]: [OptiFine] ConnectedTextures: optifine/ctm/default/15_glass_black/glass_black.properties
[15:17:32] [Worker-Main-7/INFO]: [OptiFine] ConnectedTextures: optifine/ctm/default/15_glass_black/glass_pane_black.properties
[15:17:32] [Worker-Main-7/INFO]: [OptiFine] ConnectedTextures: optifine/ctm/default/20_glass/glass.properties
[15:17:32] [Worker-Main-7/INFO]: [OptiFine] ConnectedTextures: optifine/ctm/default/20_glass/glass_pane.properties
[15:17:32] [Worker-Main-7/INFO]: [OptiFine] ConnectedTextures: optifine/ctm/default/21_tinted_glass/tinted_glass.properties
[15:17:32] [Worker-Main-7/INFO]: [OptiFine] ConnectedTextures: optifine/ctm/default/30_bookshelf/bookshelf.properties
[15:17:32] [Worker-Main-7/INFO]: [OptiFine] ConnectedTextures: optifine/ctm/default/40_sandstone/sandstone.properties
[15:17:32] [Worker-Main-7/INFO]: [OptiFine] ConnectedTextures: optifine/ctm/default/41_red_sandstone/red_sandstone.properties
[15:17:32] [Worker-Main-7/INFO]: [OptiFine] Multipass connected textures: false
[15:17:32] [Render thread/INFO]: Start loading plugin from Jade
[15:17:32] [Render thread/INFO]: Start loading plugin from Jade
[15:17:32] [Render thread/INFO]: Initializing ClientSide Packet Registries
[15:17:32] [Render thread/INFO]: No plugins for JourneyMap API discovered.
[15:17:33] [Worker-Main-7/INFO]: [OptiFine] BetterGrass: Parsing default configuration optifine/bettergrass.properties
[15:17:34] [Render thread/INFO]: [OptiFine] *** Reflector Forge ***
[15:17:34] [Render thread/INFO]: [OptiFine] (Reflector) Method not present: net.minecraft.class_773.getTexture
[15:17:34] [Render thread/INFO]: [OptiFine] (Reflector) Method not present: net.minecraft.class_783.getFaceData
[15:17:34] [Render thread/INFO]: [OptiFine] (Reflector) Field not present: net.minecraft.class_3193.currentlyLoading
[15:17:34] [Render thread/INFO]: [OptiFine] (Reflector) Method not present: net.minecraftforge.client.model.ForgeFaceData.calculateNormals
[15:17:34] [Render thread/INFO]: [OptiFine] (Reflector) Method not present: net.minecraft.class_2791.getWorldForge
[15:17:34] [Render thread/INFO]: [OptiFine] (Reflector) Method not present: net.minecraft.class_304.setKeyConflictContext
[15:17:34] [Render thread/INFO]: [OptiFine] (Reflector) Method not present: net.minecraft.class_304.setKeyModifierAndCode
[15:17:34] [Render thread/INFO]: [OptiFine] (Reflector) Method not present: net.minecraft.class_20.render
[15:17:34] [Render thread/INFO]: [OptiFine] (Reflector) Method not present: net.minecraft.class_1814.getStyleModifier
[15:17:34] [Render thread/INFO]: [OptiFine] (Reflector) Field not present: net.minecraft.class_3228.forceTicks
[15:17:34] [Render thread/INFO]: [OptiFine] (Reflector) Method not present: net.minecraft.class_3228.isForceTicks
[15:17:34] [Render thread/INFO]: [OptiFine] (Reflector) Field not present: net.minecraftforge.client.event.RenderLevelStageEvent$Stage.AFTER_SKY
[15:17:34] [Render thread/INFO]: [OptiFine] (Reflector) Field not present: net.minecraftforge.client.event.RenderLevelStageEvent$Stage.AFTER_SOLID_BLOCKS
[15:17:34] [Render thread/INFO]: [OptiFine] (Reflector) Field not present: net.minecraftforge.client.event.RenderLevelStageEvent$Stage.AFTER_CUTOUT_MIPPED_BLOCKS_BLOCKS
[15:17:34] [Render thread/INFO]: [OptiFine] (Reflector) Field not present: net.minecraftforge.client.event.RenderLevelStageEvent$Stage.AFTER_CUTOUT_BLOCKS
[15:17:34] [Render thread/INFO]: [OptiFine] (Reflector) Field not present: net.minecraftforge.client.event.RenderLevelStageEvent$Stage.AFTER_ENTITIES
[15:17:34] [Render thread/INFO]: [OptiFine] (Reflector) Field not present: net.minecraftforge.client.event.RenderLevelStageEvent$Stage.AFTER_BLOCK_ENTITIES
[15:17:34] [Render thread/INFO]: [OptiFine] (Reflector) Field not present: net.minecraftforge.client.event.RenderLevelStageEvent$Stage.AFTER_TRANSLUCENT_BLOCKS
[15:17:34] [Render thread/INFO]: [OptiFine] (Reflector) Field not present: net.minecraftforge.client.event.RenderLevelStageEvent$Stage.AFTER_TRIPWIRE_BLOCKS
[15:17:34] [Render thread/INFO]: [OptiFine] (Reflector) Field not present: net.minecraftforge.client.event.RenderLevelStageEvent$Stage.AFTER_PARTICLES
[15:17:34] [Render thread/INFO]: [OptiFine] (Reflector) Field not present: net.minecraftforge.client.event.RenderLevelStageEvent$Stage.AFTER_WEATHER
[15:17:34] [Render thread/INFO]: [OptiFine] (Reflector) Field not present: net.minecraftforge.client.event.RenderLevelStageEvent$Stage.AFTER_LEVEL
[15:17:34] [Render thread/INFO]: [OptiFine] (Reflector) Method not present: net.minecraft.class_727.updateSprite
[15:17:34] [Render thread/INFO]: [OptiFine] (Reflector) Method not present: net.minecraft.class_8002.renderTooltipBackground
[15:17:34] [Render thread/INFO]: [OptiFine] *** Reflector Vanilla ***
[15:17:35] [Worker-Main-7/INFO]: [OptiFine] Mipmap levels: 4
[15:17:37] [Render thread/WARN]: Missing sound for event: minecraft:item.goat_horn.play
[15:17:37] [Render thread/WARN]: Missing sound for event: minecraft:entity.goat.screaming.horn_break
[15:17:37] [Render thread/INFO]: OpenAL initialized on device OpenAL Soft on 扬声器 (2- High Definition Audio Device)
[15:17:37] [Render thread/INFO]: Sound engine started
[15:17:37] [Render thread/INFO]: Created: 1024x1024x4 minecraft:textures/atlas/blocks.png-atlas
[15:17:37] [Render thread/INFO]: [OptiFine] Animated sprites: 55
[15:17:37] [Render thread/INFO]: Created: 256x256x4 minecraft:textures/atlas/signs.png-atlas
[15:17:37] [Render thread/INFO]: [OptiFine] Animated sprites: 0
[15:17:37] [Render thread/INFO]: Created: 512x512x4 minecraft:textures/atlas/banner_patterns.png-atlas
[15:17:37] [Render thread/INFO]: [OptiFine] Animated sprites: 0
[15:17:37] [Render thread/INFO]: Created: 512x512x4 minecraft:textures/atlas/shield_patterns.png-atlas
[15:17:37] [Render thread/INFO]: [OptiFine] Animated sprites: 0
[15:17:37] [Render thread/INFO]: Created: 1024x1024x4 minecraft:textures/atlas/armor_trims.png-atlas
[15:17:37] [Render thread/INFO]: [OptiFine] Animated sprites: 0
[15:17:37] [Render thread/INFO]: Created: 128x64x4 minecraft:textures/atlas/decorated_pot.png-atlas
[15:17:37] [Render thread/INFO]: [OptiFine] Animated sprites: 0
[15:17:37] [Render thread/INFO]: Created: 256x256x4 minecraft:textures/atlas/chest.png-atlas
[15:17:37] [Render thread/INFO]: [OptiFine] Animated sprites: 0
[15:17:37] [Render thread/INFO]: Created: 512x256x4 minecraft:textures/atlas/beds.png-atlas
[15:17:37] [Render thread/INFO]: [OptiFine] Animated sprites: 0
[15:17:37] [Render thread/INFO]: Created: 512x256x4 minecraft:textures/atlas/shulker_boxes.png-atlas
[15:17:37] [Render thread/INFO]: [OptiFine] Animated sprites: 0
[15:17:38] [Render thread/WARN]: Shader rendertype_entity_translucent_emissive could not find sampler named Sampler2 in the specified shader program.
[15:17:38] [Render thread/INFO]: Created: 256x256x0 minecraft:textures/atlas/particles.png-atlas
[15:17:38] [Render thread/INFO]: [OptiFine] Animated sprites: 1
[15:17:38] [Render thread/INFO]: Created: 256x256x0 minecraft:textures/atlas/paintings.png-atlas
[15:17:38] [Render thread/INFO]: [OptiFine] Animated sprites: 0
[15:17:38] [Render thread/INFO]: Created: 128x128x0 minecraft:textures/atlas/mob_effects.png-atlas
[15:17:38] [Render thread/INFO]: [OptiFine] Animated sprites: 0
[15:17:38] [Render thread/INFO]: [OptiFine] *** Reloading custom textures ***
[15:17:38] [Render thread/WARN]: [OptiFine] Unknown resource pack type: net.fabricmc.fabric.impl.resource.loader.FabricModResourcePack@27ced872
[15:17:38] [Render thread/WARN]: [OptiFine] Unknown resource pack type: net.fabricmc.fabric.impl.resource.loader.FabricModResourcePack@79e48df8
[15:17:38] [Render thread/WARN]: [OptiFine] Unknown resource pack type: net.fabricmc.fabric.impl.resource.loader.FabricModResourcePack@1cbb1537
[15:17:40] [Render thread/WARN]: [OptiFine] Unknown resource pack type: net.fabricmc.fabric.impl.resource.loader.FabricModResourcePack@3943df3a
[15:17:40] [Render thread/WARN]: [OptiFine] Unknown resource pack type: net.fabricmc.fabric.impl.resource.loader.FabricModResourcePack@8c9d1e5
[15:17:40] [Render thread/INFO]: [OptiFine] Disable Forge light pipeline
[15:17:40] [Render thread/INFO]: Created: 256x128x0 jei:textures/atlas/gui.png-atlas
[15:17:40] [Render thread/INFO]: [OptiFine] Animated sprites: 0
[15:17:40] [Render thread/WARN]: can't read D:\Pcl\.minecraft\versions\1.20.1\config\sidebar_buttons.json: D:\Pcl\.minecraft\versions\1.20.1\config\sidebar_buttons.json (系统找不到指定的文件。)
[15:18:07] [Render thread/INFO]: Loaded 7 recipes
[15:18:07] [Render thread/INFO]: Loaded 1459 advancements
[15:18:08] [Render thread/INFO]: Stopping JEI
[15:18:08] [Render thread/INFO]: Stopping JEI
[15:18:08] [Render thread/INFO]: Sending Runtime Unavailable...
[15:18:08] [Render thread/INFO]: Stopping JEI GUI
[15:18:08] [Render thread/INFO]: Sending Runtime Unavailable took 367.5 μs
[15:18:08] [Render thread/INFO]: Applied 0 biome modifications to 0 of 64 new biomes in 2.107 ms
[15:18:08] [Server thread/INFO]: Starting integrated minecraft server version 1.20.1
[15:18:08] [Server thread/INFO]: Generating keypair
[15:18:10] [Server thread/INFO]: Preparing start region for dimension minecraft:overworld
[15:18:14] [Render thread/INFO]: 准备生成区域中：0%
[15:18:14] [Render thread/INFO]: 准备生成区域中：0%
[15:18:14] [Render thread/INFO]: 准备生成区域中：0%
[15:18:14] [Render thread/INFO]: 准备生成区域中：0%
[15:18:14] [Render thread/INFO]: 准备生成区域中：0%
[15:18:14] [Render thread/INFO]: 准备生成区域中：0%
[15:18:14] [Render thread/INFO]: 准备生成区域中：0%
[15:18:14] [Render thread/INFO]: 准备生成区域中：0%
[15:18:14] [Render thread/INFO]: 准备生成区域中：4%
[15:18:15] [Render thread/INFO]: 准备生成区域中：59%
[15:18:15] [Render thread/INFO]: Time elapsed: 4777 ms
[15:18:15] [Server thread/INFO]: Changing view distance to 8, from 10
[15:18:15] [Server thread/INFO]: Changing simulation distance to 12, from 0
[15:18:16] [Server thread/INFO]: xiffor[local:E:20225060] logged in with entity id 168 at (-153.86531970682063, 63.0, 672.1710669211391)
[15:18:16] [Server thread/INFO]: Syncing config to xiffor (00000000-0000-3006-998f-555b27a30c06)
[15:18:16] [Server thread/INFO]: xiffor加入了游戏
[15:18:16] [Render thread/INFO]: [STDOUT]: Replacement `renderBlock` call:  method_3355.(Lnet/minecraft/class_2680;Lnet/minecraft/class_2338;Lnet/minecraft/class_1920;Lnet/minecraft/class_4587;Lnet/minecraft/class_4588;ZLnet/minecraft/class_5819;)V
[15:18:17] [Render thread/INFO]: [Inventory Profiles Next] Loaded 0 external GUI hints
[15:18:17] [Render thread/INFO]: [Inventory Profiles Next] Loaded 783 build-in GUI hints
[15:18:17] [Render thread/INFO]: [Inventory Profiles Next] Effective GUI hints after merge: 783
[15:18:17] [Render thread/INFO]: Using 3 total BufferBuilder caches
[15:18:17] [Render thread/WARN]: Unable to read property: east with value: false for blockstate: {Name:"minecraft:cobblestone_wall",Properties:{east:"false",north:"false",south:"false",up:"false",west:"false"}}
[15:18:17] [Render thread/WARN]: Unable to read property: south with value: false for blockstate: {Name:"minecraft:cobblestone_wall",Properties:{east:"false",north:"false",south:"false",up:"false",west:"false"}}
[15:18:17] [Render thread/WARN]: Unable to read property: north with value: false for blockstate: {Name:"minecraft:cobblestone_wall",Properties:{east:"false",north:"false",south:"false",up:"false",west:"false"}}
[15:18:17] [Render thread/WARN]: Unable to read property: west with value: false for blockstate: {Name:"minecraft:cobblestone_wall",Properties:{east:"false",north:"false",south:"false",up:"false",west:"false"}}
[15:18:17] [Render thread/WARN]: Unable to read property: east with value: false for blockstate: {Name:"minecraft:mossy_cobblestone_wall",Properties:{east:"false",north:"false",south:"false",up:"false",west:"false"}}
[15:18:17] [Render thread/WARN]: Unable to read property: south with value: false for blockstate: {Name:"minecraft:mossy_cobblestone_wall",Properties:{east:"false",north:"false",south:"false",up:"false",west:"false"}}
[15:18:17] [Render thread/WARN]: Unable to read property: north with value: false for blockstate: {Name:"minecraft:mossy_cobblestone_wall",Properties:{east:"false",north:"false",south:"false",up:"false",west:"false"}}
[15:18:17] [Render thread/WARN]: Unable to read property: west with value: false for blockstate: {Name:"minecraft:mossy_cobblestone_wall",Properties:{east:"false",north:"false",south:"false",up:"false",west:"false"}}
[15:18:17] [Render thread/INFO]: Received config from the server: 
[15:18:18] [Render thread/INFO]: Starting JEI...
[15:18:18] [Render thread/INFO]: Registering item subtypes...
[15:18:18] [Render thread/INFO]: Registering item subtypes took 4.649 ms
[15:18:18] [Render thread/INFO]: Registering fluid subtypes...
[15:18:18] [Render thread/INFO]: Registering fluid subtypes took 2.292 ms
[15:18:18] [Render thread/INFO]: Registering ingredients...
[15:18:18] [Render thread/INFO]: Registering ingredients: jei:minecraft took 65.77 milliseconds
[15:18:18] [Render thread/INFO]: Registering ingredients took 66.43 ms
[15:18:18] [Render thread/INFO]: Registering categories...
[15:18:18] [Render thread/INFO]: Registering categories: jei:minecraft took 30.22 milliseconds
[15:18:18] [Render thread/INFO]: Registering categories took 32.29 ms
[15:18:18] [Render thread/INFO]: Registering vanilla category extensions...
[15:18:18] [Render thread/INFO]: Registering vanilla category extensions took 3.391 ms
[15:18:18] [Render thread/INFO]: Registering recipe catalysts...
[15:18:18] [Render thread/INFO]: Registering recipe catalysts took 1.671 ms
[15:18:18] [Render thread/INFO]: Registering advanced plugins...
[15:18:18] [Render thread/INFO]: Registering advanced plugins took 253.8 μs
[15:18:18] [Render thread/INFO]: Building recipe registry...
[15:18:18] [Render thread/INFO]: Building recipe registry took 23.26 ms
[15:18:18] [Render thread/INFO]: Registering recipes...
[15:18:18] [Render thread/INFO]: Registering recipes: jei:minecraft took 300.4 milliseconds
[15:18:18] [Render thread/INFO]: Registering recipes took 301.0 ms
[15:18:18] [Render thread/INFO]: Registering recipes transfer handlers...
[15:18:18] [Render thread/INFO]: Registering recipes transfer handlers took 3.853 ms
[15:18:18] [Render thread/INFO]: Building runtime...
[15:18:18] [Render thread/INFO]: Registering gui handlers...
[15:18:18] [Render thread/INFO]: Registering gui handlers took 12.48 ms
[15:18:18] [Render thread/INFO]: Registering Runtime...
[15:18:18] [Render thread/INFO]: Starting JEI GUI
[15:18:18] [Render thread/INFO]: Building ingredient list...
[15:18:18] [Render thread/INFO]: Building ingredient list took 4.799 ms
[15:18:18] [Render thread/INFO]: Building ingredient filter...
[15:18:18] [Render thread/INFO]: Adding 1509 ingredients
[15:18:18] [Render thread/INFO]: Added 1509 ingredients
[15:18:18] [Render thread/INFO]: Building ingredient filter took 242.9 ms
[15:18:18] [Render thread/INFO]: Registering Runtime: jei:fabric_gui took 375.0 milliseconds
[15:18:18] [Render thread/INFO]: Registering Runtime took 375.8 ms
[15:18:18] [Render thread/INFO]: Building runtime took 419.5 ms
[15:18:18] [Render thread/INFO]: Sending Runtime...
[15:18:18] [Render thread/INFO]: Sending Runtime took 286.7 μs
[15:18:18] [Render thread/INFO]: Starting JEI took 926.4 ms
[15:18:19] [Render thread/INFO]: received server config settings
[15:18:19] [Render thread/INFO]: Loaded 2 advancements
[15:18:20] [Render thread/INFO]: [System] [CHAT] §eJourneyMap (旅行地图) : §f按下 [§bJ§f]
[15:18:28] [Render thread/INFO]: [System] [CHAT] Inventory Profiles Next: 版本：'1.10.10' 已更新。\n下载链接："Modrinth" 或 "CurseForge"
[15:18:39] [Server thread/INFO]: Saving and pausing game...
[15:18:39] [Server thread/INFO]: Saving chunks for level 'ServerLevel[生电]'/minecraft:overworld
[15:18:39] [Server thread/INFO]: Saving chunks for level 'ServerLevel[生电]'/minecraft:the_nether
[15:18:39] [Server thread/INFO]: Saving chunks for level 'ServerLevel[生电]'/minecraft:the_end
[15:18:43] [Render thread/INFO]: Reloading ResourceManager: vanilla, fabric (appleskin, cardinal-components, cardinal-components-base, cardinal-components-block, cardinal-components-chunk, cardinal-components-entity, cardinal-components-item, cardinal-components-level, cardinal-components-scoreboard, cardinal-components-world, cloth-config, fabric-api, fabric-api-base, fabric-api-lookup-api-v1, fabric-biome-api-v1, fabric-block-api-v1, fabric-block-view-api-v2, fabric-blockrenderlayer-v1, fabric-client-tags-api-v1, fabric-command-api-v1, fabric-command-api-v2, fabric-commands-v0, fabric-containers-v0, fabric-content-registries-v0, fabric-convention-tags-v1, fabric-crash-report-info-v1, fabric-data-attachment-api-v1, fabric-data-generation-api-v1, fabric-dimensions-v1, fabric-entity-events-v1, fabric-events-interaction-v0, fabric-events-lifecycle-v0, fabric-game-rule-api-v1, fabric-item-api-v1, fabric-item-group-api-v1, fabric-key-binding-api-v1, fabric-keybindings-v0, fabric-language-kotlin, fabric-lifecycle-events-v1, fabric-loot-api-v2, fabric-loot-tables-v1, fabric-message-api-v1, fabric-mining-level-api-v1, fabric-model-loading-api-v1, fabric-models-v0, fabric-networking-api-v1, fabric-networking-v0, fabric-object-builder-api-v1, fabric-particles-v1, fabric-recipe-api-v1, fabric-registry-sync-v0, fabric-renderer-api-v1, fabric-renderer-indigo, fabric-renderer-registries-v1, fabric-rendering-data-attachment-v1, fabric-rendering-fluids-v1, fabric-rendering-v0, fabric-rendering-v1, fabric-resource-conditions-api-v1, fabric-resource-loader-v0, fabric-screen-api-v1, fabric-screen-handler-api-v1, fabric-sound-api-v1, fabric-transfer-api-v1, fabric-transitive-access-wideners-v1, fabricloader, ftblibrary, ftbultimine, inventoryprofilesnext, jade, jei, journeymap, libipn, litematica, malilib, minihud, mm, optifabric, travelersbackpack, tweakeroo), file/VisibleOres-1.20.1-2.10.zip, file/[1.20.1]MASA全家桶汉化包.zip
[15:18:43] [Render thread/WARN]: [OptiFine] Unknown resource pack type: net.fabricmc.fabric.impl.resource.loader.FabricModResourcePack@25f52b4b
[15:18:43] [Render thread/WARN]: [OptiFine] Unknown resource pack type: net.fabricmc.fabric.impl.resource.loader.FabricModResourcePack@25f52b4b
[15:18:43] [Render thread/WARN]: [OptiFine] Unknown resource pack type: net.fabricmc.fabric.impl.resource.loader.FabricModResourcePack@25f52b4b
[15:18:43] [Render thread/WARN]: [OptiFine] Unknown resource pack type: net.fabricmc.fabric.impl.resource.loader.FabricModResourcePack@25f52b4b
[15:18:43] [Render thread/INFO]: [OptiFine] *** Reloading textures ***
[15:18:43] [Render thread/INFO]: [OptiFine] Resource packs: fabric, file/VisibleOres-1.20.1-2.10.zip, file/[1.20.1]MASA全家桶汉化包.zip
[15:18:43] [Render thread/WARN]: [OptiFine] Unknown resource pack type: net.fabricmc.fabric.impl.resource.loader.FabricModResourcePack@3786920c
[15:18:43] [Render thread/INFO]: [OptiFine] EmissiveTextures: Loading optifine/emissive.properties
[15:18:43] [Worker-Main-7/INFO]: Found unifont_all_no_pua-15.0.06.hex, loading
[15:18:43] [Worker-Main-2/INFO]: [OptiFine] Pre-stitch: minecraft:textures/atlas/decorated_pot.png
[15:18:43] [Worker-Main-2/INFO]: [OptiFine] Multitexture: false
[15:18:43] [Worker-Main-10/INFO]: [OptiFine] Pre-stitch: minecraft:textures/atlas/banner_patterns.png
[15:18:43] [Worker-Main-4/INFO]: [OptiFine] Pre-stitch: minecraft:textures/atlas/armor_trims.png
[15:18:43] [Worker-Main-10/INFO]: [OptiFine] Multitexture: false
[15:18:43] [Worker-Main-4/INFO]: [OptiFine] Multitexture: false
[15:18:43] [Worker-Main-6/INFO]: [OptiFine] Pre-stitch: minecraft:textures/atlas/shield_patterns.png
[15:18:43] [Worker-Main-6/INFO]: [OptiFine] Multitexture: false
[15:18:43] [Worker-Main-1/INFO]: [OptiFine] Pre-stitch: minecraft:textures/atlas/signs.png
[15:18:43] [Worker-Main-1/INFO]: [OptiFine] Multitexture: false
[15:18:43] [Worker-Main-3/INFO]: [OptiFine] Pre-stitch: minecraft:textures/atlas/chest.png
[15:18:43] [Worker-Main-3/INFO]: [OptiFine] Multitexture: false
[15:18:43] [Worker-Main-5/INFO]: [OptiFine] Pre-stitch: minecraft:textures/atlas/blocks.png
[15:18:43] [Worker-Main-5/INFO]: [OptiFine] Multitexture: false
[15:18:43] [Worker-Main-5/INFO]: [OptiFine] Multipass connected textures: false
[15:18:43] [Worker-Main-5/INFO]: [OptiFine] ConnectedTextures: optifine/ctm/ores/ancient_debris_side/connect.properties
[15:18:43] [Worker-Main-5/INFO]: [OptiFine] ConnectedTextures: optifine/ctm/ores/ancient_debris_top/connect.properties
[15:18:43] [Worker-Main-5/INFO]: [OptiFine] ConnectedTextures: optifine/ctm/ores/coal_ore/connect.properties
[15:18:43] [Worker-Main-5/INFO]: [OptiFine] ConnectedTextures: optifine/ctm/ores/copper_ore/connect.properties
[15:18:43] [Worker-Main-3/INFO]: [OptiFine] Sprite size: 64
[15:18:43] [Worker-Main-5/INFO]: [OptiFine] ConnectedTextures: optifine/ctm/ores/deepslate_coal_ore/connect.properties
[15:18:43] [Worker-Main-3/INFO]: [OptiFine] Mipmap levels: 6
[15:18:43] [Worker-Main-5/INFO]: [OptiFine] ConnectedTextures: optifine/ctm/ores/deepslate_copper_ore/connect.properties
[15:18:43] [Worker-Main-5/INFO]: [OptiFine] ConnectedTextures: optifine/ctm/ores/deepslate_diamond_ore/connect.properties
[15:18:43] [Worker-Main-5/INFO]: [OptiFine] ConnectedTextures: optifine/ctm/ores/deepslate_emerald_ore/connect.properties
[15:18:43] [Worker-Main-5/INFO]: [OptiFine] ConnectedTextures: optifine/ctm/ores/deepslate_gold_ore/connect.properties
[15:18:43] [Worker-Main-5/INFO]: [OptiFine] ConnectedTextures: optifine/ctm/ores/deepslate_iron_ore/connect.properties
[15:18:43] [Worker-Main-5/INFO]: [OptiFine] ConnectedTextures: optifine/ctm/ores/deepslate_lapis_ore/connect.properties
[15:18:43] [Worker-Main-5/INFO]: [OptiFine] ConnectedTextures: optifine/ctm/ores/deepslate_redstone_ore/connect.properties
[15:18:43] [Worker-Main-3/INFO]: [OptiFine] Scaled too small texture: minecraft:missingno, 16 -> 64
[15:18:43] [Worker-Main-5/INFO]: [OptiFine] ConnectedTextures: optifine/ctm/ores/diamond_ore/connect.properties
[15:18:43] [Worker-Main-5/INFO]: [OptiFine] ConnectedTextures: optifine/ctm/ores/emerald_ore/connect.properties
[15:18:43] [Worker-Main-3/INFO]: [OptiFine] Scaled too small texture: minecraft:optifine/ctm/default/empty, 16 -> 64
[15:18:43] [Worker-Main-5/INFO]: [OptiFine] ConnectedTextures: optifine/ctm/ores/gilded_blackstone/connect.properties
[15:18:43] [Worker-Main-5/INFO]: [OptiFine] ConnectedTextures: optifine/ctm/ores/gold_ore/connect.properties
[15:18:43] [Worker-Main-5/INFO]: [OptiFine] ConnectedTextures: optifine/ctm/ores/iron_ore/connect.properties
[15:18:43] [Worker-Main-5/INFO]: [OptiFine] ConnectedTextures: optifine/ctm/ores/lapis_ore/connect.properties
[15:18:43] [Worker-Main-5/INFO]: [OptiFine] ConnectedTextures: optifine/ctm/ores/nether_gold_ore/connect.properties
[15:18:43] [Worker-Main-5/INFO]: [OptiFine] ConnectedTextures: optifine/ctm/ores/nether_quartz_ore/connect.properties
[15:18:43] [Worker-Main-5/INFO]: [OptiFine] ConnectedTextures: optifine/ctm/ores/redstone_ore/connect.properties
[15:18:43] [Worker-Main-5/INFO]: [OptiFine] Multipass connected textures: false
[15:18:43] [Worker-Main-3/INFO]: [OptiFine] Pre-stitch: minecraft:textures/atlas/beds.png
[15:18:43] [Worker-Main-3/INFO]: [OptiFine] Multitexture: false
[15:18:43] [Worker-Main-5/WARN]: [OptiFine] Unknown resource pack type: net.fabricmc.fabric.impl.resource.loader.FabricModResourcePack@6975086e
[15:18:43] [Worker-Main-5/INFO]: [OptiFine] Multipass connected textures: false
[15:18:43] [Worker-Main-5/INFO]: [OptiFine] ConnectedTextures: optifine/ctm/default/00_glass_white/glass_pane_white.properties
[15:18:43] [Worker-Main-2/INFO]: [OptiFine] Mipmap levels: 4
[15:18:43] [Worker-Main-1/INFO]: [OptiFine] Sprite size: 64
[15:18:43] [Worker-Main-1/INFO]: [OptiFine] Mipmap levels: 6
[15:18:43] [Worker-Main-5/INFO]: [OptiFine] ConnectedTextures: optifine/ctm/default/00_glass_white/glass_white.properties
[15:18:43] [Worker-Main-2/INFO]: [OptiFine] Pre-stitch: minecraft:textures/atlas/shulker_boxes.png
[15:18:43] [Worker-Main-2/INFO]: [OptiFine] Multitexture: false
[15:18:43] [Worker-Main-1/INFO]: [OptiFine] Scaled too small texture: minecraft:missingno, 16 -> 64
[15:18:43] [Worker-Main-1/INFO]: [OptiFine] Scaled too small texture: minecraft:optifine/ctm/default/empty, 16 -> 64
[15:18:43] [Worker-Main-5/INFO]: [OptiFine] ConnectedTextures: optifine/ctm/default/01_glass_orange/glass_orange.properties
[15:18:43] [Worker-Main-11/INFO]: [OptiFine] Pre-stitch: minecraft:textures/atlas/particles.png
[15:18:43] [Worker-Main-5/INFO]: [OptiFine] ConnectedTextures: optifine/ctm/default/01_glass_orange/glass_pane_orange.properties
[15:18:43] [Worker-Main-11/INFO]: [OptiFine] Multitexture: false
[15:18:43] [Worker-Main-3/INFO]: [OptiFine] Sprite size: 64
[15:18:43] [Worker-Main-3/INFO]: [OptiFine] Mipmap levels: 6
[15:18:43] [Worker-Main-3/INFO]: [OptiFine] Scaled too small texture: minecraft:missingno, 16 -> 64
[15:18:43] [Worker-Main-5/INFO]: [OptiFine] ConnectedTextures: optifine/ctm/default/02_glass_magenta/glass_magenta.properties
[15:18:43] [Worker-Main-3/INFO]: [OptiFine] Scaled too small texture: minecraft:optifine/ctm/default/empty, 16 -> 64
[15:18:43] [Worker-Main-1/INFO]: [OptiFine] Pre-stitch: minecraft:textures/atlas/paintings.png
[15:18:43] [Worker-Main-1/INFO]: [OptiFine] Multitexture: false
[15:18:43] [Worker-Main-8/INFO]: [OptiFine] Pre-stitch: minecraft:textures/atlas/mob_effects.png
[15:18:43] [Worker-Main-8/INFO]: [OptiFine] Multitexture: false
[15:18:43] [Worker-Main-5/INFO]: [OptiFine] ConnectedTextures: optifine/ctm/default/02_glass_magenta/glass_pane_magenta.properties
[15:18:43] [Worker-Main-3/INFO]: [OptiFine] Pre-stitch: jei:textures/atlas/gui.png
[15:18:43] [Worker-Main-3/INFO]: [OptiFine] Multitexture: false
[15:18:43] [Worker-Main-5/INFO]: [OptiFine] ConnectedTextures: optifine/ctm/default/03_glass_light_blue/glass_light_blue.properties
[15:18:43] [Worker-Main-10/INFO]: [OptiFine] Sprite size: 64
[15:18:43] [Worker-Main-10/INFO]: [OptiFine] Mipmap levels: 6
[15:18:43] [Worker-Main-6/INFO]: [OptiFine] Sprite size: 64
[15:18:43] [Worker-Main-6/INFO]: [OptiFine] Mipmap levels: 6
[15:18:43] [Worker-Main-5/INFO]: [OptiFine] ConnectedTextures: optifine/ctm/default/03_glass_light_blue/glass_pane_light_blue.properties
[15:18:43] [Worker-Main-2/INFO]: [OptiFine] Sprite size: 64
[15:18:43] [Worker-Main-6/INFO]: [OptiFine] Scaled too small texture: minecraft:missingno, 16 -> 64
[15:18:43] [Worker-Main-2/INFO]: [OptiFine] Mipmap levels: 6
[15:18:43] [Worker-Main-10/INFO]: [OptiFine] Scaled too small texture: minecraft:missingno, 16 -> 64
[15:18:43] [Worker-Main-6/INFO]: [OptiFine] Scaled too small texture: minecraft:optifine/ctm/default/empty, 16 -> 64
[15:18:43] [Worker-Main-10/INFO]: [OptiFine] Scaled too small texture: minecraft:optifine/ctm/default/empty, 16 -> 64
[15:18:43] [Worker-Main-5/INFO]: [OptiFine] ConnectedTextures: optifine/ctm/default/04_glass_yellow/glass_pane_yellow.properties
[15:18:43] [Worker-Main-2/INFO]: [OptiFine] Scaled too small texture: minecraft:missingno, 16 -> 64
[15:18:43] [Worker-Main-2/INFO]: [OptiFine] Scaled too small texture: minecraft:optifine/ctm/default/empty, 16 -> 64
[15:18:43] [Worker-Main-5/INFO]: [OptiFine] ConnectedTextures: optifine/ctm/default/04_glass_yellow/glass_yellow.properties
[15:18:43] [Worker-Main-3/INFO]: [OptiFine] Scaled non power of 2: jei:icons/recipe_transfer, 7 -> 14
[15:18:43] [Worker-Main-5/INFO]: [OptiFine] ConnectedTextures: optifine/ctm/default/05_glass_lime/glass_lime.properties
[15:18:43] [Worker-Main-5/INFO]: [OptiFine] ConnectedTextures: optifine/ctm/default/05_glass_lime/glass_pane_lime.properties
[15:18:43] [Worker-Main-5/INFO]: [OptiFine] ConnectedTextures: optifine/ctm/default/06_glass_pink/glass_pane_pink.properties
[15:18:43] [Worker-Main-5/INFO]: [OptiFine] ConnectedTextures: optifine/ctm/default/06_glass_pink/glass_pink.properties
[15:18:43] [Worker-Main-5/INFO]: [OptiFine] ConnectedTextures: optifine/ctm/default/07_glass_gray/glass_gray.properties
[15:18:43] [Worker-Main-5/INFO]: [OptiFine] ConnectedTextures: optifine/ctm/default/07_glass_gray/glass_pane_gray.properties
[15:18:43] [Worker-Main-5/INFO]: [OptiFine] ConnectedTextures: optifine/ctm/default/08_glass_light_gray/glass_light_gray.properties
[15:18:43] [Worker-Main-5/INFO]: [OptiFine] ConnectedTextures: optifine/ctm/default/08_glass_light_gray/glass_pane_light_gray.properties
[15:18:43] [Worker-Main-5/INFO]: [OptiFine] ConnectedTextures: optifine/ctm/default/09_glass_cyan/glass_cyan.properties
[15:18:43] [Worker-Main-5/INFO]: [OptiFine] ConnectedTextures: optifine/ctm/default/09_glass_cyan/glass_pane_cyan.properties
[15:18:43] [Worker-Main-5/INFO]: [OptiFine] ConnectedTextures: optifine/ctm/default/10_glass_purple/glass_pane_purple.properties
[15:18:43] [Worker-Main-5/INFO]: [OptiFine] ConnectedTextures: optifine/ctm/default/10_glass_purple/glass_purple.properties
[15:18:43] [Worker-Main-9/INFO]: [OptiFine] Scaled non power of 2: minecraft:cherry_2, 3 -> 9
[15:18:43] [Worker-Main-9/INFO]: [OptiFine] Scaled non power of 2: minecraft:cherry_1, 3 -> 9
[15:18:43] [Worker-Main-9/INFO]: [OptiFine] Scaled non power of 2: minecraft:cherry_0, 3 -> 9
[15:18:43] [Worker-Main-9/INFO]: [OptiFine] Scaled non power of 2: minecraft:cherry_11, 3 -> 9
[15:18:43] [Worker-Main-9/INFO]: [OptiFine] Scaled non power of 2: minecraft:cherry_10, 3 -> 9
[15:18:43] [Worker-Main-9/INFO]: [OptiFine] Scaled non power of 2: minecraft:cherry_6, 3 -> 9
[15:18:43] [Worker-Main-5/INFO]: [OptiFine] ConnectedTextures: optifine/ctm/default/11_glass_blue/glass_blue.properties
[15:18:43] [Worker-Main-9/INFO]: [OptiFine] Scaled non power of 2: minecraft:cherry_5, 3 -> 9
[15:18:43] [Worker-Main-9/INFO]: [OptiFine] Scaled non power of 2: minecraft:cherry_4, 3 -> 9
[15:18:43] [Worker-Main-9/INFO]: [OptiFine] Scaled non power of 2: minecraft:cherry_3, 3 -> 9
[15:18:43] [Worker-Main-9/INFO]: [OptiFine] Scaled non power of 2: minecraft:cherry_9, 3 -> 9
[15:18:43] [Worker-Main-9/INFO]: [OptiFine] Scaled non power of 2: minecraft:cherry_8, 3 -> 9
[15:18:43] [Worker-Main-9/INFO]: [OptiFine] Scaled non power of 2: minecraft:cherry_7, 3 -> 9
[15:18:43] [Worker-Main-5/INFO]: [OptiFine] ConnectedTextures: optifine/ctm/default/11_glass_blue/glass_pane_blue.properties
[15:18:43] [Worker-Main-5/INFO]: [OptiFine] ConnectedTextures: optifine/ctm/default/12_glass_brown/glass_brown.properties
[15:18:43] [Worker-Main-5/INFO]: [OptiFine] ConnectedTextures: optifine/ctm/default/12_glass_brown/glass_pane_brown.properties
[15:18:43] [Worker-Main-5/INFO]: [OptiFine] ConnectedTextures: optifine/ctm/default/13_glass_green/glass_green.properties
[15:18:43] [Worker-Main-5/INFO]: [OptiFine] ConnectedTextures: optifine/ctm/default/13_glass_green/glass_pane_green.properties
[15:18:43] [Worker-Main-5/INFO]: [OptiFine] ConnectedTextures: optifine/ctm/default/14_glass_red/glass_pane_red.properties
[15:18:43] [Worker-Main-5/INFO]: [OptiFine] ConnectedTextures: optifine/ctm/default/14_glass_red/glass_red.properties
[15:18:43] [Worker-Main-5/INFO]: [OptiFine] ConnectedTextures: optifine/ctm/default/15_glass_black/glass_black.properties
[15:18:43] [Worker-Main-5/INFO]: [OptiFine] ConnectedTextures: optifine/ctm/default/15_glass_black/glass_pane_black.properties
[15:18:43] [Worker-Main-5/INFO]: [OptiFine] ConnectedTextures: optifine/ctm/default/20_glass/glass.properties
[15:18:43] [Worker-Main-5/INFO]: [OptiFine] ConnectedTextures: optifine/ctm/default/20_glass/glass_pane.properties
[15:18:43] [Worker-Main-5/INFO]: [OptiFine] ConnectedTextures: optifine/ctm/default/21_tinted_glass/tinted_glass.properties
[15:18:43] [Worker-Main-5/INFO]: [OptiFine] ConnectedTextures: optifine/ctm/default/30_bookshelf/bookshelf.properties
[15:18:43] [Worker-Main-5/INFO]: [OptiFine] ConnectedTextures: optifine/ctm/default/40_sandstone/sandstone.properties
[15:18:43] [Worker-Main-5/INFO]: [OptiFine] ConnectedTextures: optifine/ctm/default/41_red_sandstone/red_sandstone.properties
[15:18:43] [Worker-Main-5/INFO]: [OptiFine] Multipass connected textures: false
[15:18:44] [Worker-Main-4/INFO]: [OptiFine] Mipmap levels: 4
[15:18:44] [Worker-Main-5/INFO]: [OptiFine] BetterGrass: Parsing default configuration optifine/bettergrass.properties
[15:18:49] [Worker-Main-5/INFO]: [OptiFine] Mipmap levels: 4
[15:18:50] [Render thread/WARN]: Missing sound for event: minecraft:item.goat_horn.play
[15:18:50] [Render thread/WARN]: Missing sound for event: minecraft:entity.goat.screaming.horn_break
[15:18:51] [Render thread/INFO]: OpenAL initialized on device OpenAL Soft on 扬声器 (2- High Definition Audio Device)
[15:18:51] [Render thread/INFO]: Sound engine started
[15:18:51] [Render thread/INFO]: Created: 1024x1024x4 minecraft:textures/atlas/blocks.png-atlas
[15:18:51] [Render thread/INFO]: [OptiFine] Animated sprites: 75
[15:18:51] [Render thread/INFO]: Created: 256x256x4 minecraft:textures/atlas/signs.png-atlas
[15:18:51] [Render thread/INFO]: [OptiFine] Animated sprites: 0
[15:18:51] [Render thread/INFO]: Created: 512x512x4 minecraft:textures/atlas/banner_patterns.png-atlas
[15:18:51] [Render thread/INFO]: [OptiFine] Animated sprites: 0
[15:18:51] [Render thread/INFO]: Created: 512x512x4 minecraft:textures/atlas/shield_patterns.png-atlas
[15:18:51] [Render thread/INFO]: [OptiFine] Animated sprites: 0
[15:18:51] [Render thread/INFO]: Created: 1024x1024x4 minecraft:textures/atlas/armor_trims.png-atlas
[15:18:51] [Render thread/INFO]: [OptiFine] Animated sprites: 0
[15:18:51] [Render thread/INFO]: Created: 128x64x4 minecraft:textures/atlas/decorated_pot.png-atlas
[15:18:51] [Render thread/INFO]: [OptiFine] Animated sprites: 0
[15:18:51] [Render thread/INFO]: Created: 256x256x4 minecraft:textures/atlas/chest.png-atlas
[15:18:51] [Render thread/INFO]: [OptiFine] Animated sprites: 0
[15:18:51] [Render thread/INFO]: Created: 512x256x4 minecraft:textures/atlas/beds.png-atlas
[15:18:51] [Render thread/INFO]: [OptiFine] Animated sprites: 0
[15:18:51] [Render thread/INFO]: Created: 512x256x4 minecraft:textures/atlas/shulker_boxes.png-atlas
[15:18:51] [Render thread/INFO]: [OptiFine] Animated sprites: 0
[15:18:51] [Render thread/WARN]: Shader rendertype_entity_translucent_emissive could not find sampler named Sampler2 in the specified shader program.
[15:18:51] [Render thread/INFO]: Created: 256x256x0 minecraft:textures/atlas/particles.png-atlas
[15:18:51] [Render thread/INFO]: [OptiFine] Animated sprites: 1
[15:18:51] [Render thread/INFO]: Created: 256x256x0 minecraft:textures/atlas/paintings.png-atlas
[15:18:51] [Render thread/INFO]: [OptiFine] Animated sprites: 0
[15:18:51] [Render thread/INFO]: Created: 128x128x0 minecraft:textures/atlas/mob_effects.png-atlas
[15:18:51] [Render thread/INFO]: [OptiFine] Animated sprites: 0
[15:18:51] [Render thread/INFO]: [OptiFine] *** Reloading custom textures ***
[15:18:51] [Render thread/WARN]: [OptiFine] Unknown resource pack type: net.fabricmc.fabric.impl.resource.loader.FabricModResourcePack@5be2f7f8
[15:18:51] [Render thread/WARN]: [OptiFine] Unknown resource pack type: net.fabricmc.fabric.impl.resource.loader.FabricModResourcePack@218b9629
[15:18:51] [Render thread/WARN]: [OptiFine] Unknown resource pack type: net.fabricmc.fabric.impl.resource.loader.FabricModResourcePack@19363e09
[15:18:53] [Render thread/WARN]: [OptiFine] Unknown resource pack type: net.fabricmc.fabric.impl.resource.loader.FabricModResourcePack@4169479d
[15:18:53] [Render thread/WARN]: [OptiFine] Unknown resource pack type: net.fabricmc.fabric.impl.resource.loader.FabricModResourcePack@540686ef
[15:18:53] [Render thread/INFO]: [OptiFine] Disable Forge light pipeline
[15:18:53] [Render thread/INFO]: Created: 256x128x0 jei:textures/atlas/gui.png-atlas
[15:18:53] [Render thread/INFO]: [OptiFine] Animated sprites: 0
[15:19:08] [Server thread/INFO]: Saving and pausing game...
[15:19:08] [Server thread/INFO]: Saving chunks for level 'ServerLevel[生电]'/minecraft:overworld
[15:19:08] [Server thread/INFO]: Saving chunks for level 'ServerLevel[生电]'/minecraft:the_nether
[15:19:08] [Server thread/INFO]: Saving chunks for level 'ServerLevel[生电]'/minecraft:the_end
[15:19:19] [Server thread/INFO]: Saving and pausing game...
[15:19:19] [Server thread/INFO]: Saving chunks for level 'ServerLevel[生电]'/minecraft:overworld
[15:19:19] [Server thread/INFO]: Saving chunks for level 'ServerLevel[生电]'/minecraft:the_nether
[15:19:19] [Server thread/INFO]: Saving chunks for level 'ServerLevel[生电]'/minecraft:the_end
[15:20:10] [Server thread/INFO]: Saving and pausing game...
[15:20:10] [Server thread/INFO]: Saving chunks for level 'ServerLevel[生电]'/minecraft:overworld
[15:20:10] [Server thread/INFO]: Saving chunks for level 'ServerLevel[生电]'/minecraft:the_nether
[15:20:10] [Server thread/INFO]: Saving chunks for level 'ServerLevel[生电]'/minecraft:the_end
[15:22:38] [Server thread/INFO]: Saving and pausing game...
[15:22:38] [Server thread/INFO]: Saving chunks for level 'ServerLevel[生电]'/minecraft:overworld
[15:22:38] [Server thread/INFO]: Saving chunks for level 'ServerLevel[生电]'/minecraft:the_nether
[15:22:38] [Server thread/INFO]: Saving chunks for level 'ServerLevel[生电]'/minecraft:the_end
[15:22:52] [Render thread/INFO]: Stopping JEI
[15:22:52] [Render thread/INFO]: Stopping JEI
[15:22:52] [Render thread/INFO]: Sending Runtime Unavailable...
[15:22:52] [Render thread/INFO]: Stopping JEI GUI
[15:22:52] [Render thread/INFO]: Sending Runtime Unavailable took 310.2 μs
[15:22:52] [Server thread/INFO]: xiffor lost connection: 连接中断
[15:22:52] [Server thread/INFO]: xiffor退出了游戏
[15:22:52] [Server thread/INFO]: Stopping singleplayer server as player logged out
[15:22:52] [Server thread/INFO]: Stopping server
[15:22:52] [Server thread/INFO]: Saving players
[15:22:52] [Server thread/INFO]: Saving worlds
[15:22:55] [Server thread/INFO]: Saving chunks for level 'ServerLevel[生电]'/minecraft:overworld
[15:22:56] [Server thread/INFO]: Saving chunks for level 'ServerLevel[生电]'/minecraft:the_nether
[15:22:56] [Server thread/INFO]: Saving chunks for level 'ServerLevel[生电]'/minecraft:the_end
[15:22:56] [Server thread/INFO]: ThreadedAnvilChunkStorage (生电): All chunks are saved
[15:22:56] [Server thread/INFO]: ThreadedAnvilChunkStorage (DIM-1): All chunks are saved
[15:22:56] [Server thread/INFO]: ThreadedAnvilChunkStorage (DIM1): All chunks are saved
[15:22:56] [Server thread/INFO]: ThreadedAnvilChunkStorage: All dimensions are saved
[15:22:58] [Render thread/INFO]: Stopping!
[15:22:58] [Render thread/INFO]: Stopping JEI
[15:22:58] [Render thread/INFO]: Stopping JEI
[15:22:58] [Render thread/INFO]: Sending Runtime Unavailable...
[15:22:58] [Render thread/INFO]: Stopping JEI GUI
[15:22:58] [Render thread/INFO]: Sending Runtime Unavailable took 434.0 μs
